<?xml version="1.0" encoding="UTF-8"?>
<!-- Generated by org.testng.reporters.JUnitReportReporter -->
<testsuite hostname="SachinDev" failures="0" tests="4" name="execution.test_run_01" time="54.776" errors="0" timestamp="2025-12-09T10:45:39 IST" skipped="0">
  <testcase classname="execution.test_run_01" name="runScenario" time="14.357"/>
  <testcase classname="execution.test_run_01" name="runScenario" time="13.285"/>
  <testcase classname="execution.test_run_01" name="runScenario" time="13.710"/>
  <testcase classname="execution.test_run_01" name="runScenario" time="13.424"/>
</testsuite> <!-- execution.test_run_01 -->
